Base path: E:/Unity/Editor/Data
Pipe name: \\.\pipe\UnityShaderCompiler-64bit-5-26952
Cmd: getPlatforms
Cmd: compileSnippet
  api=8 type=0 insize=3272 outsize=1438 kw= ok=1
Cmd: compileSnippet
  api=4 type=0 insize=3270 outsize=990 kw= ok=1
Cmd: compileSnippet
  api=8 type=0 insize=1245 outsize=1958 kw= ok=1
Cmd: compileSnippet
  api=4 type=0 insize=5604 outsize=1298 kw= ok=1
Cmd: compileSnippet
  api=4 type=1 insize=5612 outsize=1518 kw= ok=1
Cmd: compileSnippet
  api=4 type=1 insize=5616 outsize=1518 kw= ok=1
Cmd: compileSnippet
  api=8 type=1 insize=5622 outsize=2885 kw= ok=1
Unhandled exception: Readfile from pipe failed. GLE=The pipe has been ended.


Quitting shader compiler process

Crashed!
