Base path: E:/Unity/Editor/Data
Pipe name: \\.\pipe\UnityShaderCompiler-64bit-7-24364
Cmd: getPlatforms
Cmd: compileSnippet
  api=4 type=1 insize=3272 outsize=1339 kw= ok=1
Cmd: compileSnippet
  api=8 type=1 insize=3270 outsize=1812 kw= ok=1
Cmd: compileSnippet
  api=4 type=1 insize=3277 outsize=2785 kw= ok=1
Cmd: compileSnippet
  api=4 type=1 insize=5604 outsize=876 kw= ok=1
Cmd: compileSnippet
  api=8 type=1 insize=5612 outsize=2235 kw= ok=1
Cmd: compileSnippet
  api=8 type=1 insize=5616 outsize=2755 kw= ok=1
Cmd: compileSnippet
  api=4 type=1 insize=5617 outsize=1518 kw= ok=1
Cmd: compileSnippet
  api=8 type=1 insize=5621 outsize=2885 kw= ok=1
Cmd: compileSnippet
  api=4 type=1 insize=5622 outsize=1786 kw= ok=1
Cmd: compileSnippet
  api=8 type=1 insize=1345 outsize=2917 kw= ok=1
Unhandled exception: Readfile from pipe failed. GLE=The pipe has been ended.


Quitting shader compiler process

Crashed!
