Base path: E:/Unity/Editor/Data
Pipe name: \\.\pipe\UnityShaderCompiler-64bit-6-21984
Cmd: getPlatforms
Cmd: compileSnippet
  api=8 type=1 insize=3272 outsize=2064 kw= ok=1
Cmd: compileSnippet
  api=8 type=1 insize=3277 outsize=4713 kw= ok=1
Cmd: compileSnippet
  api=4 type=1 insize=1245 outsize=1428 kw= ok=1
Cmd: compileSnippet
  api=8 type=1 insize=5604 outsize=1235 kw= ok=1
Cmd: compileSnippet
  api=4 type=0 insize=5616 outsize=1396 kw= ok=1
Cmd: compileSnippet
  api=8 type=1 insize=5617 outsize=2755 kw= ok=1
Cmd: compileSnippet
  api=4 type=0 insize=5622 outsize=1753 kw= ok=1
Cmd: compileSnippet
  api=8 type=0 insize=1345 outsize=2275 kw= ok=1
Unhandled exception: Readfile from pipe failed. GLE=The pipe has been ended.


Quitting shader compiler process

Crashed!
